<?xml version="1.0" encoding="UTF-8"?>
<testng-results ignored="0" total="3" passed="3" failed="0" skipped="0">
  <reporter-output>
  </reporter-output>
  <suite started-at="2022-04-02T13:52:25 EDT" name="Default suite" finished-at="2022-04-02T13:52:31 EDT" duration-ms="5275">
    <groups>
    </groups>
    <test started-at="2022-04-02T13:52:25 EDT" name="Default test" finished-at="2022-04-02T13:52:31 EDT" duration-ms="5275">
      <class name="testCases.TestCases">
        <test-method is-config="true" signature="setUp()[pri:0, instance:testCases.TestCases@593aaf41]" started-at="2022-04-02T13:52:25 EDT" name="setUp" finished-at="2022-04-02T13:52:29 EDT" duration-ms="3667" status="PASS">
          <reporter-output>
          </reporter-output>
        </test-method> <!-- setUp -->
        <test-method signature="validateCategory()[pri:0, instance:testCases.TestCases@593aaf41]" started-at="2022-04-02T13:52:29 EDT" name="validateCategory" finished-at="2022-04-02T13:52:30 EDT" duration-ms="1119" status="PASS">
          <reporter-output>
          </reporter-output>
        </test-method> <!-- validateCategory -->
        <test-method signature="validateDuplicatedCategory()[pri:0, instance:testCases.TestCases@593aaf41]" started-at="2022-04-02T13:52:30 EDT" name="validateDuplicatedCategory" finished-at="2022-04-02T13:52:30 EDT" duration-ms="128" status="PASS">
          <reporter-output>
          </reporter-output>
        </test-method> <!-- validateDuplicatedCategory -->
        <test-method signature="validatemonths()[pri:0, instance:testCases.TestCases@593aaf41]" started-at="2022-04-02T13:52:30 EDT" name="validatemonths" finished-at="2022-04-02T13:52:31 EDT" duration-ms="327" status="PASS">
          <reporter-output>
          </reporter-output>
        </test-method> <!-- validatemonths -->
        <test-method is-config="true" signature="breakDown()[pri:0, instance:testCases.TestCases@593aaf41]" started-at="2022-04-02T13:52:31 EDT" name="breakDown" finished-at="2022-04-02T13:52:31 EDT" duration-ms="0" status="PASS">
          <reporter-output>
          </reporter-output>
        </test-method> <!-- breakDown -->
      </class> <!-- testCases.TestCases -->
    </test> <!-- Default test -->
  </suite> <!-- Default suite -->
</testng-results>
