<?xml version="1.0" encoding="UTF-8"?>
<testng-results ignored="2" total="3" passed="1" failed="0" skipped="0">
  <reporter-output>
  </reporter-output>
  <suite started-at="2022-03-27T21:08:10 EDT" name="Default suite" finished-at="2022-03-27T21:08:15 EDT" duration-ms="4961">
    <groups>
    </groups>
    <test started-at="2022-03-27T21:08:10 EDT" name="Default test" finished-at="2022-03-27T21:08:15 EDT" duration-ms="4961">
      <class name="testCases.TestCases">
        <test-method is-config="true" signature="setUp()[pri:0, instance:testCases.TestCases@6e0f5f7f]" started-at="2022-03-27T21:08:10 EDT" name="setUp" finished-at="2022-03-27T21:08:15 EDT" duration-ms="4513" status="PASS">
          <reporter-output>
          </reporter-output>
        </test-method> <!-- setUp -->
        <test-method signature="validatemonths()[pri:0, instance:testCases.TestCases@6e0f5f7f]" started-at="2022-03-27T21:08:15 EDT" name="validatemonths" finished-at="2022-03-27T21:08:15 EDT" duration-ms="407" status="PASS">
          <reporter-output>
          </reporter-output>
        </test-method> <!-- validatemonths -->
        <test-method is-config="true" signature="breakDown()[pri:0, instance:testCases.TestCases@6e0f5f7f]" started-at="2022-03-27T21:08:15 EDT" name="breakDown" finished-at="2022-03-27T21:08:15 EDT" duration-ms="0" status="PASS">
          <reporter-output>
          </reporter-output>
        </test-method> <!-- breakDown -->
      </class> <!-- testCases.TestCases -->
    </test> <!-- Default test -->
  </suite> <!-- Default suite -->
</testng-results>
