<?xml version="1.0" encoding="UTF-8"?>
<!-- Generated by org.testng.reporters.JUnitXMLReporter -->
<testsuite ignored="2" hostname="DESKTOP-MVG83EL" failures="0" tests="1" name="Default test" time="4.961" errors="0" timestamp="2022-03-27T21:08:15 EDT">
  <testcase classname="testCases.TestCases" name="validatemonths" time="0.407"/>
  <testcase classname="testCases.TestCases" name="validateDuplicatedCategory" time="0.0">
    <ignored/>
  </testcase> <!-- validateDuplicatedCategory -->
  <testcase classname="testCases.TestCases" name="validateCategory" time="0.0">
    <ignored/>
  </testcase> <!-- validateCategory -->
</testsuite> <!-- Default test -->
