<?xml version="1.0" encoding="UTF-8"?>
<!-- Generated by org.testng.reporters.JUnitXMLReporter -->
<testsuite ignored="0" hostname="DESKTOP-MVG83EL" failures="0" tests="3" name="Default test" time="5.275" errors="0" timestamp="2022-04-02T13:52:31 EDT">
  <testcase classname="testCases.TestCases" name="validateCategory" time="1.119"/>
  <testcase classname="testCases.TestCases" name="validateDuplicatedCategory" time="0.128"/>
  <testcase classname="testCases.TestCases" name="validatemonths" time="0.327"/>
</testsuite> <!-- Default test -->
